{"level":"info","message":"✅ MongoDB Connected","timestamp":"2025-05-20T17:14:58.928Z"}
{"level":"info","message":"🚀 Server listening on port 5000","timestamp":"2025-05-20T17:14:58.951Z"}
{"level":"info","message":"Environment: development","timestamp":"2025-05-20T17:14:58.953Z"}
{"level":"info","message":"✅ MongoDB Connected","timestamp":"2025-05-20T17:15:09.327Z"}
{"level":"info","message":"🚀 Server listening on port 5000","timestamp":"2025-05-20T17:15:09.350Z"}
{"level":"info","message":"Environment: development","timestamp":"2025-05-20T17:15:09.351Z"}
[2025-05-20T17:17:06.095Z] info: ✅ MongoDB Connected
[2025-05-20T17:17:06.104Z] info: 🚀 Server listening on port 5000
[2025-05-20T17:17:06.105Z] info: Environment: development
[2025-05-20T17:17:24.460Z] info: ✅ MongoDB Connected
[2025-05-20T17:17:24.476Z] info: 🚀 Server listening on port 5000
[2025-05-20T17:17:24.476Z] info: Environment: production
[2025-05-20T17:17:42.255Z] info: ✅ MongoDB Connected
[2025-05-20T17:17:42.269Z] info: 🚀 Server listening on port 5000
[2025-05-20T17:17:42.269Z] info: Environment: production
[2025-05-20T17:18:08.917Z] info: ✅ MongoDB Connected
[2025-05-20T17:18:08.947Z] info: 🚀 Server listening on port 5000
[2025-05-20T17:18:08.947Z] info: Environment: production
[2025-05-20T17:18:34.125Z] info: ✅ MongoDB Connected
[2025-05-20T17:18:34.136Z] info: 🚀 Server listening on port 5000
[2025-05-20T17:18:34.137Z] info: Environment: production
[2025-05-20T17:18:56.654Z] info: ✅ MongoDB Connected
[2025-05-20T17:18:56.671Z] info: 🚀 Server listening on port 5000
[2025-05-20T17:18:56.672Z] info: Environment: production
[2025-05-20T17:19:08.011Z] info: Received shutdown signal. Starting graceful shutdown...
[2025-05-20T17:19:31.317Z] info: ✅ MongoDB Connected
[2025-05-20T17:19:31.336Z] info: 🚀 Server listening on port 5000
[2025-05-20T17:19:31.337Z] info: Environment: production
[2025-05-20T17:20:21.818Z] info: ✅ MongoDB Connected
[2025-05-20T17:20:21.829Z] info: 🚀 Server listening on port 5000
[2025-05-20T17:20:21.830Z] info: Environment: production
[2025-05-20T17:20:31.287Z] info: ✅ MongoDB Connected
[2025-05-20T17:20:31.313Z] info: 🚀 Server listening on port 5000
[2025-05-20T17:20:31.313Z] info: Environment: production
[2025-05-20T17:22:38.381Z] info: ✅ MongoDB Connected
[2025-05-20T17:22:38.394Z] info: 🚀 Server listening on port 5000
[2025-05-20T17:22:38.395Z] info: Environment: production
[2025-05-20T17:22:53.946Z] [32minfo[39m: ✅ MongoDB Connected
[2025-05-20T17:22:53.961Z] [32minfo[39m: 🚀 Server listening on port 5000
[2025-05-20T17:22:53.962Z] [32minfo[39m: Environment: production
[2025-05-20T17:23:11.138Z] [32minfo[39m: ✅ MongoDB Connected Successfully
[2025-05-20T17:23:11.158Z] [32minfo[39m: 🚀 Server listening on port 5000
✅ MongoDB Connected Successfully
🚀 Server listening on port 5000
Uncaught Exception: listen EADDRINUSE: address already in use :::5000
Uncaught Exception: listen EADDRINUSE: address already in use :::5000
Uncaught Exception: listen EADDRINUSE: address already in use :::5000
Uncaught Exception: listen EADDRINUSE: address already in use :::5000
Uncaught Exception: listen EADDRINUSE: address already in use :::5000
Uncaught Exception: listen EADDRINUSE: address already in use :::5000
[2025-05-21T04:42:44.269Z] "GET /api/menu" 404 17.581 ms - 147
[2025-05-21T04:42:44.290Z] "GET /api/menu" 404 1.295 ms - 147
[2025-05-21T04:42:44.302Z] "GET /api/menu" 404 6.821 ms - 147
[2025-05-21T04:42:44.353Z] "GET /api/menu" 404 1.328 ms - 147
[2025-05-21T04:42:44.359Z] "GET /api/menu" 404 1.406 ms - 147
[2025-05-21T04:42:44.367Z] "GET /api/menu" 404 2.355 ms - 147
[2025-05-21T04:42:50.575Z] "GET /api/menu" 404 2.438 ms - 147
[2025-05-21T04:42:50.591Z] "GET /api/menu" 404 2.853 ms - 147
[2025-05-21T04:42:50.604Z] "GET /api/menu" 404 5.642 ms - 147
[2025-05-21T04:42:50.780Z] "GET /api/menu" 404 3.536 ms - 147
[2025-05-21T04:42:50.792Z] "GET /api/menu" 404 2.542 ms - 147
[2025-05-21T04:46:19.140Z] "GET /api/menu" 404 4.316 ms - 147
[2025-05-21T04:46:19.152Z] "GET /api/menu" 404 1.246 ms - 147
[2025-05-21T04:46:19.673Z] "GET /api/menu" 404 1.810 ms - 147
[2025-05-21T04:46:19.687Z] "GET /api/menu" 404 1.660 ms - 147
[2025-05-21T04:56:51.599Z] "GET /api/menu" 404 0.540 ms - 147
[2025-05-21T04:56:51.608Z] "GET /api/menu" 404 0.864 ms - 147
[2025-05-21T04:56:52.131Z] "GET /api/menu" 404 1.976 ms - 147
[2025-05-21T04:56:52.151Z] "GET /api/menu" 404 2.365 ms - 147
[2025-05-21T06:44:32.517Z] "GET /api/auth/validate" 404 3.589 ms - 156
[2025-05-21T06:45:03.082Z] "POST /api/auth/login" 401 493.509 ms - 33
[2025-05-21T06:45:48.027Z] "GET /api/auth/validate" 404 1.395 ms - 156
[2025-05-21T06:46:09.025Z] "POST /api/auth/login" 429 0.960 ms - 60
[2025-05-21T06:46:11.063Z] "POST /api/auth/login" 429 1.317 ms - 60
[2025-05-21T07:48:23.721Z] "GET /api/auth/validate" 404 0.765 ms - 156
[2025-05-30T04:01:03.473Z] "POST /api/auth/login" 401 458.353 ms - 33
Starting graceful shutdown...
[2025-05-30T04:02:02.610Z] "GET /api/menu" 404 8.033 ms - 147
[2025-05-30T04:02:03.628Z] "GET /api/menu" 404 1.662 ms - 147
[2025-05-30T04:02:05.652Z] "GET /api/menu" 404 2.400 ms - 147
[2025-05-30T04:02:09.683Z] "GET /api/menu" 404 2.195 ms - 147
[2025-05-30T04:02:30.309Z] "GET /api/menu" 404 1.368 ms - 147
[2025-05-30T04:02:31.367Z] "GET /api/menu" 404 0.534 ms - 147
[2025-05-30T04:02:33.402Z] "GET /api/menu" 404 5.592 ms - 147
[2025-05-30T04:02:37.453Z] "GET /api/menu" 404 6.006 ms - 147
[2025-05-30T04:02:48.266Z] "GET /api/menu" 404 1.681 ms - 147
[2025-05-30T04:02:49.306Z] "GET /api/menu" 404 5.057 ms - 147
[2025-05-30T04:02:51.345Z] "GET /api/menu" 404 1.810 ms - 147
[2025-05-30T04:02:55.371Z] "GET /api/menu" 404 0.618 ms - 147
[2025-05-30T04:04:35.352Z] "GET /api/menu" 404 0.971 ms - 147
[2025-05-30T04:04:36.392Z] "GET /api/menu" 404 1.107 ms - 147
[2025-05-30T04:08:54.256Z] "POST /api/auth/login" 401 746.549 ms - 33
[2025-05-30T04:09:30.665Z] "GET /api/auth/validate" 404 5.205 ms - 156
Starting graceful shutdown...
[2025-05-30T04:12:34.421Z] "GET /api/auth/validate" 404 9.301 ms - 156
[2025-05-30T04:16:47.761Z] "GET /api/auth/validate" 404 1.037 ms - 156
[2025-05-30T04:18:01.119Z] "GET /api/auth/validate" 404 1.195 ms - 156
[2025-05-30T04:18:08.578Z] "POST /api/auth/login" 429 0.930 ms - 60
[2025-05-30T04:18:09.616Z] "POST /api/auth/login" 429 1.697 ms - 60
[2025-05-30T04:18:13.352Z] "POST /api/auth/login" 429 1.492 ms - 60
Starting graceful shutdown...
[2025-05-30T04:18:52.585Z] "GET /api/auth/validate" 404 7.337 ms - 156
[2025-05-30T04:23:04.595Z] "GET /api/auth/validate" 404 2.248 ms - 156
[2025-05-30T04:32:23.850Z] "GET /api/auth/validate" 429 1.228 ms - 60
[2025-05-30T04:32:34.858Z] "POST /api/auth/login" 429 0.805 ms - 60
Starting graceful shutdown...
[2025-05-30T04:34:06.960Z] "GET /api/auth/validate" 404 3.897 ms - 156
[2025-05-30T04:45:34.599Z] "GET /api/auth/validate" 404 3.322 ms - 156
Starting graceful shutdown...
[2025-05-30T04:47:54.317Z] "GET /api/auth/validate" 404 4.846 ms - 156
[2025-05-30T04:48:10.646Z] "GET /api/admin/dashboard" 401 10.345 ms - 27
[2025-05-30T04:48:13.195Z] "GET /api/admin/dashboard" 401 13.234 ms - 27
[2025-05-30T04:49:12.511Z] "GET /api/admin/dashboard" 401 17.815 ms - 38
[2025-05-30T04:51:46.142Z] "GET /api/admin/dashboard" 401 22.483 ms - 38
[2025-05-30T04:51:49.601Z] "GET /api/admin/dashboard" 401 31.777 ms - 38
[2025-05-30T04:52:58.396Z] "GET /api/admin/dashboard" 401 14.583 ms - 27
[2025-05-30T04:53:20.159Z] "GET /api/admin/dashboard" 401 19.735 ms - 27
[2025-05-30T04:54:18.499Z] "GET /api/admin/dashboard" 401 22.307 ms - 27
[2025-05-30T04:55:29.692Z] "GET /api/admin/dashboard" 401 54.330 ms - 27
[2025-05-30T04:55:36.630Z] "GET /api/admin/dashboard" 401 6.606 ms - 27
[2025-05-30T04:56:42.040Z] "GET /api/admin/dashboard" 401 15.391 ms - 27
[2025-05-30T04:57:41.496Z] "GET /api/admin/dashboard" 401 21.748 ms - 27
[2025-05-30T04:59:59.689Z] "GET /api/admin/dashboard" 401 83.955 ms - 27
[2025-05-30T05:00:24.244Z] "POST /api/auth/login" 500 95.907 ms - 26
[2025-05-30T05:01:22.070Z] "GET /api/admin/dashboard" 401 10.661 ms - 27
[2025-05-30T05:01:36.173Z] "GET /api/admin/dashboard" 401 51.737 ms - 27
[2025-05-30T05:02:26.125Z] "GET /api/admin/dashboard" 401 17.507 ms - 27
[2025-05-30T05:03:31.282Z] "GET /api/admin/dashboard" 401 42.549 ms - 38
[2025-05-30T05:04:34.346Z] "GET /api/admin/dashboard" 401 13.738 ms - 38
[2025-05-30T05:05:04.303Z] "GET /api/admin/dashboard" 401 51.090 ms - 38
[2025-05-30T05:07:49.075Z] "GET /api/admin/dashboard" 401 53.619 ms - 27
[2025-05-30T05:13:52.635Z] "GET /api/admin/dashboard" 401 5.024 ms - 27
[2025-05-30T05:14:04.100Z] "GET /api/admin/dashboard" 401 13.198 ms - 27
Starting graceful shutdown...
[2025-05-30T05:18:18.200Z] "GET /api/admin/dashboard" 401 8.472 ms - 33
[2025-05-30T05:18:24.966Z] "GET /api/admin/dashboard" 401 1.962 ms - 33
[2025-05-30T05:19:19.384Z] "GET /api/admin/dashboard" 401 1.605 ms - 33
[2025-05-30T05:19:24.857Z] "GET /api/admin/dashboard" 401 2.855 ms - 33
Starting graceful shutdown...
[2025-05-30T05:20:32.318Z] "GET /api/admin/dashboard" 401 6.855 ms - 33
[2025-05-30T05:22:48.065Z] "GET /api/admin/dashboard" 401 0.983 ms - 33
[2025-05-30T05:22:57.718Z] "GET /api/admin/dashboard" 401 1.565 ms - 33
[2025-05-30T05:26:24.939Z] "GET /api/admin/dashboard" 401 10.565 ms - 33
[2025-05-30T05:27:46.333Z] "GET /api/admin/dashboard" 401 8.732 ms - 33
[2025-05-30T05:28:30.120Z] "GET /api/admin/dashboard" 401 1.330 ms - 33
[2025-05-30T05:28:33.240Z] "GET /api/admin/dashboard" 401 1.159 ms - 33
[2025-05-30T05:29:03.352Z] "GET /api/admin/dashboard" 401 4.286 ms - 33
[2025-05-30T05:29:22.577Z] "GET /api/admin/dashboard" 401 1.529 ms - 33
[2025-05-30T05:29:32.864Z] "GET /api/admin/dashboard" 401 1.336 ms - 33
[2025-05-30T05:29:35.584Z] "GET /api/admin/dashboard" 401 1.840 ms - 33
[2025-05-30T05:29:37.596Z] "GET /api/admin/dashboard" 401 1.893 ms - 33
Starting graceful shutdown...
[2025-05-30T05:29:54.298Z] "GET /api/admin/dashboard" 401 13.661 ms - 33
[2025-05-30T05:31:44.227Z] "GET /api/admin/dashboard" 401 1.524 ms - 33
[2025-05-30T05:31:48.573Z] "GET /api/admin/dashboard" 401 1.940 ms - 33
[2025-05-30T05:31:49.637Z] "GET /api/admin/dashboard" 401 1.562 ms - 33
[2025-05-30T05:31:57.728Z] "GET /api/admin/dashboard" 401 7.671 ms - 33
Starting graceful shutdown...
[2025-05-30T05:32:13.782Z] "GET /api/admin/dashboard" 401 8.031 ms - 33
[2025-05-30T05:34:53.592Z] "GET /api/admin/dashboard" 401 1.461 ms - 33
[2025-05-30T05:34:56.071Z] "GET /api/admin/dashboard" 401 1.104 ms - 33
[2025-05-30T05:34:59.579Z] "GET /api/admin/dashboard" 401 1.852 ms - 33
[2025-05-30T05:35:00.626Z] "GET /api/admin/dashboard" 401 1.339 ms - 33
Starting graceful shutdown...
[2025-05-30T05:35:16.266Z] "GET /api/admin/dashboard" 401 8.664 ms - 33
[2025-05-30T05:36:25.596Z] "GET /api/admin/dashboard" 401 1.539 ms - 33
[2025-05-30T05:36:28.952Z] "GET /api/admin/dashboard" 401 5.781 ms - 33
[2025-05-30T05:36:44.073Z] "GET /api/admin/dashboard" 401 7.185 ms - 27
[2025-05-30T05:37:57.912Z] "GET /api/admin/dashboard" 401 2.688 ms - 27
[2025-05-30T05:38:01.600Z] "GET /api/admin/dashboard" 401 3.320 ms - 27
[2025-05-30T05:39:19.581Z] "GET /api/admin/dashboard" 401 1.554 ms - 27
[2025-05-30T05:39:23.584Z] "GET /api/admin/dashboard" 401 4.735 ms - 27
[2025-05-30T05:40:06.100Z] "GET /api/admin/dashboard" 401 12.001 ms - 27
[2025-05-30T05:43:48.692Z] "GET /api/admin/dashboard" 401 5.787 ms - 43
[2025-05-30T05:43:52.585Z] "GET /api/admin/dashboard" 401 1.827 ms - 43
[2025-05-30T05:44:46.582Z] "GET /api/admin/dashboard" 401 0.936 ms - 43
[2025-05-30T05:44:54.634Z] "GET /api/admin/dashboard" 401 6.011 ms - 27
[2025-05-30T05:45:00.877Z] "GET /api/admin/dashboard" 401 2.495 ms - 27
[2025-05-30T05:46:18.821Z] "GET /api/admin/dashboard" 401 12.288 ms - 27
[2025-05-30T05:48:57.900Z] "GET /api/admin/dashboard" 401 11.097 ms - 31
[2025-05-30T05:50:48.688Z] "GET /api/admin/dashboard" 401 4.336 ms - 51
[2025-05-30T05:52:35.068Z] "GET /api/admin/dashboard" 401 7.634 ms - 51
[2025-05-30T05:54:00.496Z] "GET /api/admin/dashboard" 401 1.168 ms - 51
[2025-05-30T05:54:14.813Z] "GET /api/admin/dashboard" 401 7.498 ms - 43
[2025-05-30T05:55:57.574Z] "GET /api/admin/dashboard" 401 1.743 ms - 43
[2025-05-30T05:56:10.911Z] "GET /api/admin/dashboard" 401 7.053 ms - 43
[2025-05-30T05:56:14.562Z] "GET /api/admin/dashboard" 401 3.469 ms - 43
[2025-06-04T10:03:17.379Z] "GET /api/admin/dashboard" 401 2.416 ms - 43
[2025-06-04T11:15:39.850Z] "GET /api/admin/dashboard" 401 4.628 ms - 43
[2025-06-04T11:16:58.270Z] "GET /api/admin/dashboard" 401 17.734 ms - 54
[2025-06-04T11:17:57.011Z] "GET /api/admin/dashboard" 401 5.133 ms - 43
[2025-06-04T11:18:45.378Z] "GET /api/admin/dashboard" 401 14.163 ms - 43
[2025-06-06T02:27:06.741Z] "GET /api/admin/dashboard" 401 13.701 ms - 43
[2025-06-06T02:27:58.164Z] "GET /api/admin/dashboard" 401 6.304 ms - 43
Starting graceful shutdown...
HTTP server closed.
[2025-06-06T02:28:50.564Z] "GET /api/admin/dashboard" 401 20.002 ms - 43
Starting graceful shutdown...
[2025-06-06T02:32:05.650Z] "POST /api/auth/login" 401 869.949 ms - 49
Starting graceful shutdown...
[2025-06-06T02:33:09.077Z] "POST /api/auth/login" 401 930.774 ms - 49
Starting graceful shutdown...
[2025-06-06T02:43:34.047Z] "GET /api/auth/validate" 429 1.153 ms - 60
[2025-06-06T02:49:22.763Z] "GET /api/users/delivery-boys" 404 2.658 ms - 162
[2025-06-06T02:49:38.414Z] "GET /api/users/delivery-boys" 404 0.642 ms - 162
[2025-06-06T02:56:40.318Z] "GET /api/api/users/delivery-boys" 404 3.336 ms - 166
[2025-06-06T02:56:57.169Z] "GET /api/api/users/delivery-boys" 404 0.724 ms - 166
[2025-06-06T02:57:19.016Z] "GET /api/api/users/delivery-boys" 404 0.954 ms - 166
[2025-06-06T02:57:24.727Z] "GET /api/api/users/delivery-boys" 404 0.885 ms - 166
[2025-06-06T02:59:46.031Z] "GET /api/api/users/delivery-boys" 404 0.588 ms - 166
[2025-06-06T02:59:46.064Z] "GET /api/api/users/delivery-boys" 404 0.520 ms - 166
[2025-06-06T02:59:46.206Z] "GET /api/api/users/delivery-boys" 404 0.519 ms - 166
[2025-06-06T02:59:52.830Z] "GET /api/auth/validate" 429 1.780 ms - 60
[2025-06-06T02:59:52.834Z] "GET /api/api/users/delivery-boys" 404 0.400 ms - 166
[2025-06-06T02:59:52.836Z] "GET /api/api/users/delivery-boys" 404 0.650 ms - 166
[2025-06-06T03:00:56.698Z] "POST /api/auth/login" 429 1.113 ms - 60
Starting graceful shutdown...
[2025-06-06T03:01:22.668Z] "GET /api/api/users/delivery-boys" 404 2.254 ms - 166
Starting graceful shutdown...
[2025-06-06T03:01:58.700Z] "GET /api/api/users/delivery-boys" 404 13.839 ms - 166
Starting graceful shutdown...
[2025-06-06T03:28:19.396Z] "POST /api/menu" 400 97.955 ms - 109
[2025-06-06T03:28:53.901Z] "POST /api/menu" 400 45.422 ms - 109
Starting graceful shutdown...
[2025-06-06T03:51:43.448Z] "POST /api/menu" 413 21.754 ms - 33
Starting graceful shutdown...
[2025-06-06T03:52:05.662Z] "POST /api/menu" 413 15.188 ms - 33
[2025-06-06T03:52:25.159Z] "POST /api/menu" 413 6.748 ms - 33
Clear Cache Error: Cannot read properties of null (reading 'keys')
Clear Cache Error: Cannot read properties of null (reading 'keys')
Clear Cache Error: Cannot read properties of null (reading 'keys')
Starting graceful shutdown...
[2025-06-06T04:42:32.229Z] "GET /api/admin/dashboard" 403 45.561 ms - 41
[2025-06-06T04:42:32.489Z] "GET /api/reservations" 403 314.802 ms - 41
Starting graceful shutdown...
[2025-06-06T05:10:25.845Z] "GET /api/orders/user" 404 3.131 ms - 154
[2025-06-06T05:11:11.246Z] "GET /api/reservations" 403 72.145 ms - 41
[2025-06-06T05:11:11.251Z] "GET /api/orders" 403 68.230 ms - 41
[2025-06-06T05:11:11.256Z] "GET /api/admin/dashboard" 403 65.699 ms - 41
[2025-06-06T05:11:26.472Z] "GET /api/orders/my-orders" 404 1.632 ms - 159
[2025-06-06T05:11:26.506Z] "GET /api/reservations" 403 39.751 ms - 41
[2025-06-06T05:11:26.514Z] "GET /api/orders" 403 39.805 ms - 41
Starting graceful shutdown...
[2025-06-06T05:11:41.943Z] "GET /api/orders/my-orders" 404 7.368 ms - 159
[2025-06-06T05:11:41.979Z] "GET /api/reservations" 403 66.780 ms - 41
[2025-06-06T05:11:41.992Z] "GET /api/orders" 403 60.982 ms - 41
Starting graceful shutdown...
[2025-06-06T05:17:30.891Z] "POST /api/orders" 404 38.356 ms - 150
[2025-06-06T05:17:30.906Z] "GET /api/orders/my-orders" 404 2.584 ms - 159
[2025-06-06T05:18:30.541Z] "GET /api/reservations" 403 48.974 ms - 41
[2025-06-06T05:18:30.548Z] "GET /api/admin/dashboard" 403 39.069 ms - 41
[2025-06-06T05:18:30.924Z] "GET /api/orders/my-orders" 404 1.460 ms - 159
[2025-06-06T05:18:30.931Z] "GET /api/orders/my-orders" 404 2.108 ms - 159
[2025-06-06T05:18:31.096Z] "GET /api/orders" 403 580.073 ms - 41
[2025-06-06T05:19:03.510Z] "GET /api/reservations" 403 44.273 ms - 41
[2025-06-06T05:19:03.522Z] "GET /api/orders" 403 51.041 ms - 41
[2025-06-06T05:19:03.560Z] "GET /api/admin/dashboard" 403 43.607 ms - 41
[2025-06-06T05:19:03.696Z] "GET /api/orders/my-orders" 404 1.181 ms - 159
[2025-06-06T05:19:03.709Z] "GET /api/orders/my-orders" 404 0.781 ms - 159
[2025-06-06T05:19:12.606Z] "GET /api/reservations" 403 47.511 ms - 41
[2025-06-06T05:19:12.614Z] "GET /api/orders" 403 46.901 ms - 41
[2025-06-06T05:19:12.623Z] "GET /api/admin/dashboard" 403 50.768 ms - 41
[2025-06-06T05:19:12.816Z] "GET /api/orders/my-orders" 404 0.460 ms - 159
[2025-06-06T05:19:12.826Z] "GET /api/orders/my-orders" 404 1.333 ms - 159
[2025-06-06T05:19:21.063Z] "GET /api/reservations" 403 47.203 ms - 41
[2025-06-06T05:19:21.067Z] "GET /api/orders" 403 42.118 ms - 41
[2025-06-06T05:19:21.077Z] "GET /api/admin/dashboard" 403 37.674 ms - 41
[2025-06-06T05:19:21.170Z] "GET /api/orders/my-orders" 404 1.550 ms - 159
[2025-06-06T05:19:21.252Z] "GET /api/orders/my-orders" 404 0.739 ms - 159
[2025-06-06T05:20:06.561Z] "POST /api/orders" 404 9.663 ms - 150
[2025-06-06T05:20:06.604Z] "GET /api/orders/my-orders" 404 2.477 ms - 159
[2025-06-06T05:21:27.561Z] "GET /api/reservations" 403 39.789 ms - 41
[2025-06-06T05:21:27.568Z] "GET /api/orders" 403 38.458 ms - 41
[2025-06-06T05:21:27.590Z] "GET /api/admin/dashboard" 403 39.410 ms - 41
[2025-06-06T05:21:27.986Z] "GET /api/orders/my-orders" 404 0.729 ms - 159
[2025-06-06T05:21:27.992Z] "GET /api/orders/my-orders" 404 0.927 ms - 159
[2025-06-06T05:21:28.082Z] "GET /api/orders/my-orders" 404 0.829 ms - 159
[2025-06-06T05:21:28.090Z] "GET /api/orders/my-orders" 404 0.721 ms - 159
[2025-06-06T05:30:35.632Z] "GET /api/orders/my-orders" 404 1.828 ms - 159
[2025-06-06T05:31:30.377Z] "GET /api/reservations" 403 46.223 ms - 41
[2025-06-06T05:31:30.381Z] "GET /api/orders" 403 42.971 ms - 41
[2025-06-06T05:31:30.407Z] "GET /api/admin/dashboard" 403 45.487 ms - 41
[2025-06-06T05:31:30.501Z] "GET /api/orders/my-orders" 404 0.645 ms - 159
[2025-06-06T05:31:30.572Z] "GET /api/orders/my-orders" 404 2.219 ms - 159
[2025-06-06T05:31:59.378Z] "POST /api/orders" 404 3.700 ms - 150
[2025-06-06T05:31:59.407Z] "GET /api/orders/my-orders" 404 1.115 ms - 159
Starting graceful shutdown...
[2025-06-06T05:32:36.869Z] "POST /api/orders" 404 29.817 ms - 150
[2025-06-06T05:32:36.886Z] "GET /api/orders/my-orders" 404 2.512 ms - 159
[2025-06-06T05:34:02.658Z] "GET /api/order/user-orders" 404 0.806 ms - 160
[2025-06-06T05:34:02.690Z] "GET /api/order/user-orders" 404 0.892 ms - 160
[2025-06-06T05:34:02.731Z] "GET /api/reservations" 403 63.449 ms - 41
[2025-06-06T05:34:02.737Z] "GET /api/orders" 403 43.622 ms - 41
[2025-06-06T05:34:09.603Z] "GET /api/order/user-orders" 404 0.273 ms - 160
[2025-06-06T05:43:04.743Z] "GET /api/order/user-orders" 404 0.522 ms - 160
[2025-06-06T05:43:04.759Z] "GET /api/order/user-orders" 404 0.656 ms - 160
[2025-06-06T05:43:04.790Z] "GET /api/reservations" 403 44.388 ms - 41
[2025-06-06T05:43:04.805Z] "GET /api/orders" 403 42.700 ms - 41
[2025-06-06T05:43:05.717Z] "GET /api/order/user-orders" 404 1.687 ms - 160
[2025-06-06T05:45:26.387Z] "GET /api/reservations" 403 48.750 ms - 41
[2025-06-06T05:45:26.391Z] "GET /api/orders" 403 47.870 ms - 41
[2025-06-06T05:45:26.413Z] "GET /api/admin/dashboard" 403 47.486 ms - 41
[2025-06-06T05:45:26.930Z] "GET /api/order/user-orders" 404 0.777 ms - 160
[2025-06-06T05:45:26.941Z] "GET /api/order/user-orders" 404 0.699 ms - 160
[2025-06-06T05:45:27.047Z] "GET /api/order/user-orders" 404 0.690 ms - 160
[2025-06-06T05:45:27.052Z] "GET /api/order/user-orders" 404 0.991 ms - 160
[2025-06-06T05:46:04.348Z] "POST /api/order/create" 404 3.440 ms - 156
[2025-06-06T05:46:04.384Z] "GET /api/order/user-orders" 404 0.683 ms - 160
[2025-06-06T05:46:04.413Z] "GET /api/order/user-orders" 404 1.165 ms - 160
[2025-06-06T05:48:59.790Z] "GET /api/order/user-orders" 404 0.655 ms - 160
[2025-06-06T05:48:59.807Z] "GET /api/order/user-orders" 404 0.440 ms - 160
[2025-06-06T05:48:59.836Z] "GET /api/reservations" 403 42.845 ms - 41
[2025-06-06T05:48:59.845Z] "GET /api/orders" 403 44.085 ms - 41
[2025-06-06T05:49:29.746Z] "GET /api/order/user-orders" 404 0.410 ms - 160
[2025-06-06T05:49:33.787Z] "GET /api/orders/my-orders" 404 1.009 ms - 159
[2025-06-06T05:49:33.804Z] "GET /api/orders/my-orders" 404 0.445 ms - 159
[2025-06-06T05:49:33.830Z] "GET /api/reservations" 403 40.610 ms - 41
[2025-06-06T05:49:33.837Z] "GET /api/orders" 403 39.717 ms - 41
[2025-06-06T05:49:49.841Z] "GET /api/orders/my-orders" 404 1.206 ms - 159
[2025-06-06T05:49:49.858Z] "GET /api/orders/my-orders" 404 0.765 ms - 159
[2025-06-06T05:49:49.889Z] "GET /api/reservations" 403 42.170 ms - 41
[2025-06-06T05:49:49.903Z] "GET /api/orders" 403 41.459 ms - 41
[2025-06-06T05:52:15.846Z] "GET /api/orders/user" 404 1.758 ms - 154
[2025-06-06T05:52:15.872Z] "GET /api/orders/user" 404 0.978 ms - 154
[2025-06-06T05:52:15.900Z] "GET /api/reservations" 403 47.103 ms - 41
[2025-06-06T05:52:15.905Z] "GET /api/orders" 403 41.746 ms - 41
[2025-06-06T05:55:38.841Z] "GET /api/orders/user" 404 0.778 ms - 154
[2025-06-06T05:55:38.860Z] "GET /api/orders/user" 404 0.658 ms - 154
[2025-06-06T05:55:38.883Z] "GET /api/reservations" 403 40.153 ms - 41
[2025-06-06T05:55:38.893Z] "GET /api/orders" 403 41.040 ms - 41
[2025-06-06T05:55:49.658Z] "GET /api/reservations" 403 45.461 ms - 41
[2025-06-06T05:55:49.667Z] "GET /api/orders" 403 47.558 ms - 41
[2025-06-06T05:55:49.687Z] "GET /api/admin/dashboard" 403 62.792 ms - 41
[2025-06-06T05:55:49.859Z] "GET /api/orders/user" 404 1.026 ms - 154
[2025-06-06T05:55:49.864Z] "GET /api/orders/user" 404 0.904 ms - 154
[2025-06-06T05:55:49.941Z] "GET /api/orders/user" 404 0.736 ms - 154
[2025-06-06T05:55:49.946Z] "GET /api/orders/user" 404 0.793 ms - 154
[2025-06-06T05:57:43.921Z] "GET /api/orders/all" 404 1.248 ms - 153
[2025-06-06T05:57:43.925Z] "GET /api/orders/my-orders" 404 0.780 ms - 159
[2025-06-06T05:57:43.954Z] "GET /api/orders/my-orders" 404 0.791 ms - 159
[2025-06-06T05:57:44.052Z] "GET /api/reservations" 403 103.863 ms - 41
[2025-06-06T05:57:52.144Z] "GET /api/orders/my-orders" 404 0.644 ms - 159
[2025-06-06T05:57:52.154Z] "GET /api/orders/all" 404 0.561 ms - 153
[2025-06-06T05:57:52.171Z] "GET /api/orders/my-orders" 404 0.717 ms - 159
[2025-06-06T05:57:52.189Z] "GET /api/reservations" 403 40.147 ms - 41
[2025-06-06T05:59:43.612Z] "GET /api/orders/my-orders" 404 0.767 ms - 159
[2025-06-06T05:59:43.625Z] "GET /api/orders/all" 404 0.640 ms - 153
[2025-06-06T05:59:43.628Z] "GET /api/orders/my-orders" 404 0.784 ms - 159
[2025-06-06T05:59:43.664Z] "GET /api/reservations" 403 45.546 ms - 41
[2025-06-06T06:00:21.110Z] "GET /api/reservations" 403 38.590 ms - 41
[2025-06-06T06:00:21.128Z] "GET /api/orders" 403 46.389 ms - 41
[2025-06-06T06:00:31.262Z] "GET /api/reservations" 403 38.556 ms - 41
[2025-06-06T06:00:31.274Z] "GET /api/orders" 403 45.967 ms - 41
[2025-06-06T06:00:46.374Z] "GET /api/reservations" 403 390.164 ms - 41
[2025-06-06T06:00:46.395Z] "GET /api/admin/dashboard" 403 331.314 ms - 41
[2025-06-06T06:00:46.414Z] "GET /api/orders" 403 361.235 ms - 41
[2025-06-06T06:00:50.639Z] "GET /api/reservations" 403 41.962 ms - 41
[2025-06-06T06:00:50.655Z] "GET /api/orders" 403 50.492 ms - 41
[2025-06-06T06:00:50.668Z] "GET /api/admin/dashboard" 403 49.794 ms - 41
[2025-06-06T06:01:28.294Z] "POST /api/orders/place" 400 79.589 ms - 643
Starting graceful shutdown...
[2025-06-06T06:03:05.525Z] "POST /api/orders/place" 400 90.546 ms - 648
[2025-06-06T06:05:29.975Z] "GET /api/reservations" 403 42.529 ms - 41
[2025-06-06T06:05:29.983Z] "GET /api/orders" 403 39.741 ms - 41
[2025-06-06T06:06:45.952Z] "GET /api/reservations" 403 39.328 ms - 41
[2025-06-06T06:06:45.958Z] "GET /api/orders" 403 40.304 ms - 41
Starting graceful shutdown...
[2025-06-06T06:08:18.303Z] "POST /api/orders/place" 400 70.438 ms - 756
[2025-06-06T06:09:19.514Z] "GET /api/reservations" 403 42.759 ms - 41
[2025-06-06T06:09:19.521Z] "GET /api/orders" 403 42.266 ms - 41
[2025-06-06T06:09:30.320Z] "GET /api/reservations" 403 39.530 ms - 41
[2025-06-06T06:09:30.327Z] "GET /api/orders" 403 41.440 ms - 41
Starting graceful shutdown...
[2025-06-06T06:10:18.613Z] "GET /api/reservations" 403 86.923 ms - 41
[2025-06-06T06:10:18.629Z] "GET /api/orders" 403 73.410 ms - 41
[2025-06-06T06:10:18.634Z] "GET /api/admin/dashboard" 403 71.336 ms - 41
[2025-06-06T06:10:35.025Z] "GET /api/reservations" 403 40.475 ms - 41
[2025-06-06T06:10:35.035Z] "GET /api/orders" 403 40.180 ms - 41
[2025-06-06T06:10:40.956Z] "GET /api/reservations" 403 39.306 ms - 41
[2025-06-06T06:10:40.960Z] "GET /api/orders" 403 38.245 ms - 41
[2025-06-06T06:11:22.596Z] "GET /api/reservations" 403 88.788 ms - 41
[2025-06-06T06:11:22.601Z] "GET /api/orders" 403 85.143 ms - 41
[2025-06-06T06:11:29.566Z] "GET /api/reservations" 403 40.440 ms - 41
[2025-06-06T06:11:29.572Z] "GET /api/orders" 403 38.694 ms - 41
Starting graceful shutdown...
[2025-06-06T06:11:44.326Z] "GET /api/reservations" 403 86.623 ms - 41
[2025-06-06T06:11:44.337Z] "GET /api/orders" 403 58.240 ms - 41
[2025-06-06T06:11:44.345Z] "GET /api/admin/dashboard" 403 58.048 ms - 41
Starting graceful shutdown...
[2025-06-06T06:12:57.124Z] "POST /api/orders/place" 400 107.242 ms - 475
[2025-06-06T06:14:38.099Z] "GET /api/reservations" 403 69.958 ms - 41
[2025-06-06T06:14:38.118Z] "GET /api/orders" 403 92.685 ms - 41
[2025-06-06T06:14:47.061Z] "GET /api/orders" 403 41.090 ms - 41
[2025-06-06T06:14:47.337Z] "GET /api/reservations" 403 317.592 ms - 41
Starting graceful shutdown...
[2025-06-06T06:15:12.023Z] "GET /api/reservations" 403 85.093 ms - 41
[2025-06-06T06:15:12.032Z] "GET /api/orders" 403 64.751 ms - 41
[2025-06-06T06:15:12.042Z] "GET /api/admin/dashboard" 403 68.032 ms - 41
[2025-06-06T06:21:05.001Z] "GET /api/reservations" 403 39.620 ms - 41
[2025-06-06T06:21:05.006Z] "GET /api/orders" 403 40.745 ms - 41
[2025-06-06T06:21:14.079Z] "GET /api/reservations" 403 36.553 ms - 41
[2025-06-06T06:21:14.083Z] "GET /api/orders" 403 36.251 ms - 41
Starting graceful shutdown...
[2025-06-06T06:21:25.414Z] "GET /api/orders" 403 239.505 ms - 41
[2025-06-06T06:21:25.456Z] "GET /api/admin/dashboard" 403 272.234 ms - 41
[2025-06-06T06:21:25.688Z] "GET /api/reservations" 403 541.584 ms - 41
[2025-06-06T06:21:27.245Z] "GET /api/reservations" 403 47.611 ms - 41
[2025-06-06T06:21:27.249Z] "GET /api/orders" 403 43.383 ms - 41
[2025-06-06T06:21:27.266Z] "GET /api/admin/dashboard" 403 48.762 ms - 41
Starting graceful shutdown...
[2025-06-06T06:22:15.388Z] "POST /api/orders/place" 400 108.486 ms - 422
Starting graceful shutdown...
[2025-06-06T06:24:05.185Z] "GET /api/reservations" 403 42.408 ms - 41
[2025-06-06T06:24:05.191Z] "GET /api/orders" 403 43.429 ms - 41
[2025-06-06T06:24:10.034Z] "GET /api/reservations" 403 45.029 ms - 41
[2025-06-06T06:24:10.040Z] "GET /api/orders" 403 43.822 ms - 41
Starting graceful shutdown...
[2025-06-06T06:24:22.546Z] "GET /api/reservations" 403 297.440 ms - 41
[2025-06-06T06:24:22.837Z] "GET /api/orders" 403 572.639 ms - 41
[2025-06-06T06:24:23.069Z] "GET /api/admin/dashboard" 403 800.464 ms - 41
[2025-06-06T06:24:27.327Z] "GET /api/reservations" 403 44.163 ms - 41
[2025-06-06T06:24:27.334Z] "GET /api/orders" 403 44.116 ms - 41
[2025-06-06T06:24:27.365Z] "GET /api/admin/dashboard" 403 49.425 ms - 41
[2025-06-06T06:24:40.830Z] "GET /api/orders" 403 44.652 ms - 41
[2025-06-06T06:24:40.840Z] "GET /api/reservations" 403 45.048 ms - 41
[2025-06-06T06:24:40.847Z] "GET /api/admin/dashboard" 403 47.259 ms - 41
Starting graceful shutdown...
[2025-06-06T06:26:59.841Z] "POST /api/orders/place" 400 139.847 ms - 354
[2025-06-06T06:29:43.873Z] "GET /api/orders" 403 266.375 ms - 41
[2025-06-06T06:29:43.880Z] "GET /api/reservations" 403 278.395 ms - 41
[2025-06-06T06:29:49.025Z] "GET /api/reservations" 403 43.122 ms - 41
[2025-06-06T06:29:49.039Z] "GET /api/orders" 403 45.032 ms - 41
Starting graceful shutdown...
[2025-06-06T06:30:20.161Z] "GET /api/reservations" 403 75.513 ms - 41
[2025-06-06T06:30:20.172Z] "GET /api/orders" 403 65.551 ms - 41
[2025-06-06T06:30:20.195Z] "GET /api/admin/dashboard" 403 76.539 ms - 41
Starting graceful shutdown...
[2025-06-06T06:30:36.003Z] "GET /api/reservations" 403 76.297 ms - 41
[2025-06-06T06:30:36.013Z] "GET /api/admin/dashboard" 403 49.327 ms - 41
[2025-06-06T06:30:36.022Z] "GET /api/orders" 403 67.836 ms - 41
[2025-06-06T06:31:34.422Z] "POST /api/orders/place" 400 397.519 ms - 354
Starting graceful shutdown...
[2025-06-06T06:34:02.997Z] "POST /api/orders/place" 400 62.634 ms - 455
Starting graceful shutdown...
[2025-06-06T06:36:07.208Z] "GET /api/reservations" 403 87.930 ms - 41
[2025-06-06T06:36:07.465Z] "GET /api/orders" 403 312.086 ms - 41
[2025-06-06T06:36:10.278Z] "GET /api/admin/dashboard" 403 3113.542 ms - 41
[2025-06-06T06:36:21.811Z] "GET /api/orders" 403 442.327 ms - 41
[2025-06-06T06:36:22.091Z] "GET /api/admin/dashboard" 403 692.367 ms - 41
Starting graceful shutdown...
[2025-06-06T06:36:38.527Z] "GET /api/reservations" 403 54.867 ms - 41
[2025-06-06T06:36:38.537Z] "GET /api/orders" 403 53.098 ms - 41
[2025-06-06T06:36:38.791Z] "GET /api/admin/dashboard" 403 300.550 ms - 41
[2025-06-06T06:36:47.148Z] "GET /api/reservations" 403 42.939 ms - 41
[2025-06-06T06:36:47.413Z] "GET /api/admin/dashboard" 403 299.822 ms - 41
[2025-06-06T06:36:47.692Z] "GET /api/orders" 403 575.457 ms - 41
Starting graceful shutdown...
[2025-06-06T06:37:02.219Z] "GET /api/reservations" 403 73.567 ms - 41
[2025-06-06T06:37:02.231Z] "GET /api/orders" 403 64.517 ms - 41
[2025-06-06T06:37:02.235Z] "GET /api/admin/dashboard" 403 64.410 ms - 41
Starting graceful shutdown...
[2025-06-06T06:37:26.308Z] "GET /api/reservations" 403 63.593 ms - 41
[2025-06-06T06:37:26.319Z] "GET /api/orders" 403 65.117 ms - 41
[2025-06-06T06:37:26.328Z] "GET /api/admin/dashboard" 403 65.697 ms - 41
Starting graceful shutdown...
[2025-06-06T06:37:37.909Z] "GET /api/reservations" 403 76.899 ms - 41
[2025-06-06T06:37:37.918Z] "GET /api/orders" 403 60.721 ms - 41
[2025-06-06T06:37:37.933Z] "GET /api/admin/dashboard" 403 68.793 ms - 41
Starting graceful shutdown...
[2025-06-06T06:38:50.043Z] "POST /api/orders/place" 400 121.613 ms - 455
[2025-06-06T06:45:48.621Z] "GET /api/admin/dashboard" 403 470.068 ms - 41
[2025-06-06T06:45:48.638Z] "GET /api/orders" 403 492.312 ms - 41
[2025-06-06T06:45:50.107Z] "GET /api/reservations" 403 1989.830 ms - 41
[2025-06-06T06:46:44.655Z] "GET /api/orders" 500 30.375 ms - 51
[2025-06-06T06:46:44.671Z] "GET /api/reservations" 500 4.722 ms - 51
[2025-06-06T06:46:44.678Z] "GET /api/auth/validate" 500 3.616 ms - 51
[2025-06-06T06:46:44.690Z] "GET /api/admin/dashboard" 500 3.625 ms - 51
[2025-06-06T06:46:57.103Z] "GET /api/orders/myorders" 500 3.033 ms - 51
[2025-06-06T06:46:57.113Z] "GET /api/auth/validate" 500 4.164 ms - 51
Starting graceful shutdown...
[2025-06-06T06:47:27.793Z] "GET /api/orders/myorders" 500 6.383 ms - 51
[2025-06-06T06:47:27.799Z] "GET /api/auth/validate" 500 1.608 ms - 51
[2025-06-06T06:50:22.637Z] "POST /api/orders/place" 400 633.354 ms - 455
[2025-06-06T06:52:37.489Z] "GET /api/reservations" 403 111.507 ms - 41
[2025-06-06T06:52:37.554Z] "GET /api/orders" 403 116.157 ms - 41
[2025-06-06T06:52:37.589Z] "GET /api/admin/dashboard" 403 135.511 ms - 41
[2025-06-06T06:52:42.952Z] "GET /api/reservations" 403 49.525 ms - 41
[2025-06-06T06:52:43.228Z] "GET /api/orders" 403 313.685 ms - 41
[2025-06-06T06:52:43.304Z] "GET /api/admin/dashboard" 403 384.520 ms - 41
[2025-06-06T06:53:17.355Z] "POST /api/orders/place" 400 115.404 ms - 455
[2025-06-06T06:53:34.460Z] "GET /api/reservations" 403 94.264 ms - 41
[2025-06-06T06:53:34.472Z] "GET /api/orders" 403 59.794 ms - 41
[2025-06-06T06:53:34.488Z] "GET /api/admin/dashboard" 403 58.765 ms - 41
Starting graceful shutdown...
[2025-06-06T07:01:54.287Z] "GET /api/reservations" 403 81.481 ms - 41
[2025-06-06T07:01:54.296Z] "GET /api/orders" 403 52.520 ms - 41
[2025-06-06T07:02:11.216Z] "GET /api/reservations" 403 47.598 ms - 41
[2025-06-06T07:02:11.232Z] "GET /api/orders" 403 56.690 ms - 41
[2025-06-06T07:02:29.559Z] "POST /api/orders/place" 400 130.843 ms - 163
[2025-06-06T07:04:22.683Z] "GET /api/reservations" 403 52.377 ms - 41
[2025-06-06T07:04:23.226Z] "GET /api/orders" 403 584.796 ms - 41
[2025-06-06T07:07:42.530Z] "GET /api/reservations" 403 55.820 ms - 41
[2025-06-06T07:07:42.554Z] "GET /api/orders" 403 73.781 ms - 41
[2025-06-06T07:08:04.258Z] "GET /api/reservations" 403 70.728 ms - 41
[2025-06-06T07:08:04.276Z] "GET /api/orders" 403 78.608 ms - 41
[2025-06-06T07:08:04.748Z] "GET /api/admin/dashboard" 403 460.702 ms - 41
Starting graceful shutdown...
[2025-06-06T07:08:15.484Z] "GET /api/reservations" 403 369.247 ms - 41
[2025-06-06T07:08:15.550Z] "GET /api/admin/dashboard" 403 395.278 ms - 41
[2025-06-06T07:08:15.598Z] "GET /api/orders" 403 450.084 ms - 41
[2025-06-06T07:10:34.946Z] "GET /api/reservations" 403 58.162 ms - 41
[2025-06-06T07:10:34.958Z] "GET /api/orders" 403 59.240 ms - 41
[2025-06-06T07:10:34.964Z] "GET /api/admin/dashboard" 403 54.399 ms - 41
[2025-06-06T07:13:15.293Z] "GET /api/reservations" 403 45.415 ms - 41
[2025-06-06T07:13:15.309Z] "GET /api/orders" 403 53.973 ms - 41
[2025-06-06T07:13:19.269Z] "GET /api/reservations" 403 53.144 ms - 41
[2025-06-06T07:13:19.286Z] "GET /api/orders" 403 59.671 ms - 41
[2025-06-06T07:13:26.605Z] "GET /api/reservations" 403 90.417 ms - 41
[2025-06-06T07:13:26.632Z] "GET /api/admin/dashboard" 403 67.080 ms - 41
[2025-06-06T07:13:26.891Z] "GET /api/orders" 403 364.589 ms - 41
Starting graceful shutdown...
[2025-06-06T07:16:09.255Z] "GET /api/reservations" 403 63.771 ms - 41
[2025-06-06T07:16:09.266Z] "GET /api/orders" 403 57.178 ms - 41
[2025-06-06T07:16:14.248Z] "GET /api/reservations" 403 70.520 ms - 41
[2025-06-06T07:16:14.266Z] "GET /api/orders" 403 60.846 ms - 41
[2025-06-06T07:16:48.159Z] "GET /api/reservations" 403 49.415 ms - 41
[2025-06-06T07:16:48.168Z] "GET /api/orders" 403 48.413 ms - 41
[2025-06-06T07:17:50.217Z] "GET /api/reservations" 403 50.667 ms - 41
[2025-06-06T07:17:50.224Z] "GET /api/orders" 403 46.088 ms - 41
[2025-06-06T07:21:55.207Z] "GET /api/reservations" 403 55.791 ms - 41
[2025-06-06T07:21:55.607Z] "GET /api/orders" 403 329.187 ms - 41
[2025-06-06T07:29:31.239Z] "GET /api/reservations" 403 45.021 ms - 41
[2025-06-06T07:29:31.249Z] "GET /api/orders" 403 51.801 ms - 41
Starting graceful shutdown...
[2025-06-06T07:29:42.450Z] "GET /api/reservations" 403 102.688 ms - 41
[2025-06-06T07:29:42.473Z] "GET /api/orders" 403 76.163 ms - 41
[2025-06-06T07:29:42.490Z] "GET /api/admin/dashboard" 403 71.493 ms - 41
[2025-06-06T07:31:18.243Z] "GET /api/reservations" 403 46.313 ms - 41
[2025-06-06T07:31:18.253Z] "GET /api/orders" 403 46.487 ms - 41
[2025-06-06T07:31:20.217Z] "GET /api/reservations" 403 43.582 ms - 41
[2025-06-06T07:31:20.223Z] "GET /api/orders" 403 44.927 ms - 41
[2025-06-06T07:34:57.417Z] "GET /api/reservations" 403 172.948 ms - 41
[2025-06-06T07:36:13.331Z] "GET /api/reservations" 403 44.785 ms - 41
[2025-06-06T07:36:20.235Z] "GET /api/reservations" 403 70.156 ms - 41
[2025-06-06T07:36:20.320Z] "GET /api/admin/dashboard" 403 135.464 ms - 41
[2025-06-06T07:36:24.365Z] "GET /api/reservations" 403 58.096 ms - 41
[2025-06-06T07:36:24.406Z] "GET /api/admin/dashboard" 403 84.005 ms - 41
[2025-06-06T10:14:38.454Z] "GET /api/reservations" 403 509.086 ms - 41
[2025-06-06T10:14:39.105Z] "GET /api/admin/dashboard" 403 1133.769 ms - 41
[2025-06-06T10:14:52.074Z] "GET /api/reservations" 403 81.307 ms - 41
[2025-06-06T10:14:52.092Z] "GET /api/admin/dashboard" 403 42.873 ms - 41
[2025-06-06T10:14:57.196Z] "GET /api/admin/dashboard" 403 129.576 ms - 41
[2025-06-06T10:14:57.203Z] "GET /api/reservations" 403 142.782 ms - 41
[2025-06-06T10:15:01.489Z] "GET /api/reservations" 403 67.462 ms - 41
[2025-06-06T10:15:01.503Z] "GET /api/admin/dashboard" 403 55.177 ms - 41
[2025-06-06T10:20:56.646Z] "GET /api/reservations" 403 745.016 ms - 41
[2025-06-06T10:20:56.659Z] "GET /api/admin/dashboard" 403 670.594 ms - 41
[2025-06-06T10:25:26.101Z] "GET /api/reservations" 403 162.828 ms - 41
[2025-06-06T10:25:26.170Z] "GET /api/admin/dashboard" 403 178.579 ms - 41
[2025-06-06T10:25:29.622Z] "GET /api/reservations" 403 113.432 ms - 41
[2025-06-06T10:25:29.672Z] "GET /api/admin/dashboard" 403 126.323 ms - 41
[2025-06-06T10:29:28.298Z] "GET /api/reservations" 403 124.793 ms - 41
[2025-06-06T10:29:30.241Z] "GET /api/reservations" 403 92.742 ms - 41
[2025-06-06T10:29:35.220Z] "GET /api/reservations" 403 85.577 ms - 41
[2025-06-06T10:29:35.235Z] "GET /api/admin/dashboard" 403 80.800 ms - 41
[2025-06-06T10:29:50.254Z] "GET /api/reservations" 403 99.244 ms - 41
[2025-06-06T10:29:55.691Z] "GET /api/reservations" 403 211.512 ms - 41
[2025-06-06T10:29:55.751Z] "GET /api/admin/dashboard" 403 214.408 ms - 41
[2025-06-06T10:32:38.472Z] "GET /api/reservations" 403 135.434 ms - 41
[2025-06-06T10:32:40.335Z] "GET /api/reservations" 403 176.305 ms - 41
[2025-06-06T10:32:42.275Z] "GET /api/reservations" 403 131.544 ms - 41
[2025-06-06T10:32:49.635Z] "GET /api/reservations" 403 92.825 ms - 41
[2025-06-06T10:32:49.672Z] "GET /api/admin/dashboard" 403 111.649 ms - 41
[2025-06-06T10:34:47.278Z] "GET /api/reservations" 403 74.388 ms - 41
[2025-06-06T10:34:52.431Z] "GET /api/reservations" 403 94.858 ms - 41
[2025-06-06T10:34:53.292Z] "GET /api/reservations" 403 98.092 ms - 41
[2025-06-06T10:34:54.220Z] "GET /api/reservations" 403 80.138 ms - 41
[2025-06-06T10:35:05.561Z] "GET /api/reservations" 403 377.292 ms - 41
[2025-06-06T10:35:05.568Z] "GET /api/admin/dashboard" 403 378.973 ms - 41
[2025-06-06T10:35:07.229Z] "GET /api/reservations" 403 77.325 ms - 41
[2025-06-06T10:35:49.273Z] "GET /api/reservations" 403 109.395 ms - 41
[2025-06-06T10:35:49.306Z] "GET /api/admin/dashboard" 403 128.001 ms - 41
[2025-06-06T10:36:13.246Z] "GET /api/reservations" 403 90.191 ms - 41
[2025-06-06T10:37:16.282Z] "GET /api/reservations" 403 132.029 ms - 41
[2025-06-06T10:37:32.290Z] "GET /api/reservations" 403 125.502 ms - 41
[2025-06-06T10:37:34.250Z] "GET /api/reservations" 403 90.945 ms - 41
[2025-06-06T10:37:49.019Z] "GET /api/reservations" 403 109.808 ms - 41
[2025-06-06T10:37:49.081Z] "GET /api/admin/dashboard" 403 128.775 ms - 41
[2025-06-06T10:39:04.076Z] "GET /api/reservations" 403 190.198 ms - 41
[2025-06-06T10:39:16.382Z] "GET /api/reservations" 403 90.938 ms - 41
[2025-06-06T10:39:22.366Z] "GET /api/reservations" 403 102.250 ms - 41
[2025-06-06T10:39:23.946Z] "GET /api/reservations" 403 112.333 ms - 41
[2025-06-06T10:39:25.597Z] "GET /api/reservations" 403 109.583 ms - 41
[2025-06-06T10:39:37.470Z] "GET /api/reservations" 403 137.234 ms - 41
[2025-06-06T10:39:47.031Z] "GET /api/reservations" 403 172.367 ms - 41
[2025-06-06T10:39:52.637Z] "GET /api/reservations" 403 82.667 ms - 41
[2025-06-06T10:39:55.721Z] "GET /api/reservations" 403 165.415 ms - 41
[2025-06-06T10:39:59.116Z] "GET /api/reservations" 403 130.604 ms - 41
[2025-06-06T10:40:00.773Z] "GET /api/reservations" 403 94.641 ms - 41
[2025-06-06T10:40:02.054Z] "GET /api/reservations" 403 93.828 ms - 41
[2025-06-06T10:40:05.497Z] "GET /api/reservations" 403 154.532 ms - 41
[2025-06-06T10:40:08.462Z] "GET /api/reservations" 403 98.535 ms - 41
[2025-06-06T10:40:08.533Z] "GET /api/admin/dashboard" 403 103.079 ms - 41
[2025-06-06T10:42:08.273Z] "GET /api/reservations" 403 87.508 ms - 41
[2025-06-06T10:42:10.314Z] "GET /api/reservations" 403 153.148 ms - 41
[2025-06-06T10:42:12.568Z] "GET /api/reservations" 403 383.271 ms - 41
[2025-06-06T10:42:14.336Z] "GET /api/reservations" 403 82.253 ms - 41
[2025-06-06T10:42:17.343Z] "GET /api/reservations" 403 97.441 ms - 41
[2025-06-06T10:42:19.253Z] "GET /api/reservations" 403 101.171 ms - 41
[2025-06-06T10:42:22.235Z] "GET /api/reservations" 403 80.235 ms - 41
[2025-06-06T10:42:25.231Z] "GET /api/reservations" 403 85.939 ms - 41
[2025-06-06T10:42:51.290Z] "GET /api/reservations" 403 148.037 ms - 41
[2025-06-06T10:42:51.370Z] "GET /api/admin/dashboard" 403 192.667 ms - 41
[2025-06-06T10:43:50.318Z] "GET /api/reservations" 403 132.285 ms - 41
[2025-06-06T10:44:01.752Z] "GET /api/reservations" 403 492.694 ms - 41
[2025-06-06T10:44:07.243Z] "GET /api/reservations" 403 77.412 ms - 41
[2025-06-06T10:44:19.373Z] "GET /api/reservations" 403 90.913 ms - 41
[2025-06-06T10:44:21.260Z] "GET /api/reservations" 403 99.037 ms - 41
[2025-06-06T10:44:35.418Z] "GET /api/reservations" 403 85.823 ms - 41
[2025-06-06T10:44:40.258Z] "GET /api/reservations" 403 96.723 ms - 41
[2025-06-06T10:44:44.240Z] "GET /api/reservations" 403 82.823 ms - 41
[2025-06-06T10:44:50.689Z] "GET /api/reservations" 403 239.827 ms - 41
[2025-06-06T10:44:54.215Z] "GET /api/reservations" 403 103.097 ms - 41
[2025-06-06T10:44:54.266Z] "GET /api/admin/dashboard" 403 94.123 ms - 41
[2025-06-06T10:45:32.548Z] "POST /api/orders/place" 400 127.295 ms - 163
[2025-06-06T10:50:24.238Z] "GET /api/admin/dashboard" 403 113.154 ms - 41
[2025-06-06T10:50:24.247Z] "GET /api/reservations" 403 190.682 ms - 41
[2025-06-06T10:50:59.293Z] "POST /api/orders/place" 400 120.161 ms - 163
[2025-06-06T10:54:39.362Z] "GET /api/reservations" 403 90.393 ms - 41
[2025-06-06T10:55:10.252Z] "GET /api/reservations" 403 90.340 ms - 41
[2025-06-06T10:55:10.257Z] "GET /api/admin/dashboard" 403 84.113 ms - 41
[2025-06-06T10:55:16.528Z] "GET /api/reservations" 403 65.659 ms - 41
[2025-06-06T10:55:21.493Z] "GET /api/reservations" 403 311.579 ms - 41
[2025-06-06T10:55:21.511Z] "GET /api/admin/dashboard" 403 290.306 ms - 41
[2025-06-06T10:55:22.318Z] "GET /api/reservations" 403 91.304 ms - 41
[2025-06-06T10:55:22.332Z] "GET /api/admin/dashboard" 403 83.883 ms - 41
[2025-06-06T10:55:23.207Z] "GET /api/reservations" 403 80.298 ms - 41
[2025-06-06T10:55:23.210Z] "GET /api/admin/dashboard" 403 70.246 ms - 41
[2025-06-06T10:55:25.593Z] "GET /api/reservations" 403 396.322 ms - 41
[2025-06-06T10:55:28.201Z] "GET /api/admin/dashboard" 403 64.888 ms - 41
[2025-06-06T10:55:28.204Z] "GET /api/reservations" 403 77.914 ms - 41
[2025-06-06T10:55:33.664Z] "GET /api/reservations" 403 116.726 ms - 41
[2025-06-06T10:55:33.680Z] "GET /api/admin/dashboard" 403 116.602 ms - 41
[2025-06-06T10:56:02.589Z] "POST /api/orders/place" 400 97.070 ms - 163
[2025-06-06T10:59:50.434Z] "GET /api/reservations" 403 122.755 ms - 41
[2025-06-06T11:00:03.404Z] "GET /api/reservations" 403 136.066 ms - 41
[2025-06-06T11:00:36.242Z] "GET /api/reservations" 403 72.651 ms - 41
[2025-06-06T11:00:39.223Z] "GET /api/reservations" 403 78.139 ms - 41
[2025-06-06T11:00:44.339Z] "GET /api/reservations" 403 77.446 ms - 41
[2025-06-06T11:00:44.343Z] "GET /api/admin/dashboard" 403 71.788 ms - 41
[2025-06-06T11:05:48.976Z] "GET /api/reservations" 403 808.362 ms - 41
[2025-06-06T11:06:25.225Z] "GET /api/reservations" 403 139.553 ms - 41
[2025-06-06T11:06:30.336Z] "GET /api/admin/dashboard" 403 82.320 ms - 41
[2025-06-06T11:06:30.344Z] "GET /api/reservations" 403 100.802 ms - 41
[2025-06-06T11:06:52.849Z] "GET /api/reservations" 403 179.927 ms - 41
[2025-06-06T11:06:52.858Z] "GET /api/admin/dashboard" 403 182.085 ms - 41
[2025-06-06T11:07:54.345Z] "GET /api/reservations" 403 188.682 ms - 41
[2025-06-06T11:08:09.154Z] "GET /api/reservations" 403 89.994 ms - 41
[2025-06-06T11:08:09.241Z] "GET /api/admin/dashboard" 403 160.937 ms - 41
[2025-06-06T11:08:27.218Z] "GET /api/reservations" 403 81.067 ms - 41
[2025-06-06T11:08:31.347Z] "GET /api/reservations" 403 102.527 ms - 41
[2025-06-06T11:08:31.464Z] "GET /api/admin/dashboard" 403 200.555 ms - 41
[2025-06-06T11:08:32.343Z] "GET /api/reservations" 403 124.057 ms - 41
[2025-06-06T11:08:32.446Z] "GET /api/admin/dashboard" 403 175.521 ms - 41
[2025-06-06T11:08:55.810Z] "GET /api/reservations" 403 94.278 ms - 41
[2025-06-06T11:08:55.825Z] "GET /api/admin/dashboard" 403 101.115 ms - 41
[2025-06-06T11:10:45.303Z] "GET /api/reservations" 403 76.584 ms - 41
[2025-06-06T11:10:45.340Z] "GET /api/admin/dashboard" 403 82.539 ms - 41
[2025-06-06T11:11:11.307Z] "GET /api/reservations" 403 93.742 ms - 41
[2025-06-06T11:11:11.341Z] "GET /api/admin/dashboard" 403 94.561 ms - 41
[2025-06-06T11:11:29.719Z] "GET /api/reservations" 403 70.991 ms - 41
[2025-06-06T11:11:29.781Z] "GET /api/admin/dashboard" 403 77.962 ms - 41
[2025-06-06T11:11:41.250Z] "GET /api/reservations" 403 77.306 ms - 41
[2025-06-06T11:12:25.280Z] "GET /api/reservations" 403 93.825 ms - 41
[2025-06-06T11:12:36.245Z] "GET /api/reservations" 403 77.650 ms - 41
[2025-06-06T11:12:49.270Z] "GET /api/reservations" 403 85.471 ms - 41
[2025-06-06T11:13:01.982Z] "GET /api/reservations" 403 80.102 ms - 41
[2025-06-06T11:13:25.637Z] "GET /api/reservations" 403 75.006 ms - 41
[2025-06-06T11:13:25.657Z] "GET /api/admin/dashboard" 403 86.392 ms - 41
[2025-06-06T11:15:06.342Z] "GET /api/reservations" 403 67.157 ms - 41
[2025-06-06T11:30:36.830Z] "PUT /api/admin/orders/undefined" 500 262.613 ms - 59
[2025-06-06T11:30:43.220Z] "PUT /api/admin/orders/undefined" 500 139.338 ms - 59
[2025-06-06T11:30:51.424Z] "PUT /api/admin/orders/undefined" 500 155.559 ms - 59
[2025-06-06T11:54:04.576Z] "GET /api/admin/dashboard" 403 78.683 ms - 41
[2025-06-06T11:54:05.768Z] "GET /api/reservations" 403 1306.477 ms - 41
[2025-06-06T11:57:21.442Z] "GET /api/reservations" 403 294.753 ms - 41
[2025-06-06T12:02:36.256Z] "GET /api/reservations" 403 260.109 ms - 41
[2025-06-06T12:02:36.269Z] "GET /api/admin/dashboard" 403 235.633 ms - 41
[2025-06-06T12:06:49.304Z] "GET /api/reservations" 403 91.138 ms - 41
[2025-06-06T12:07:02.097Z] "GET /api/reservations" 403 606.646 ms - 41
[2025-06-06T12:07:22.289Z] "GET /api/reservations" 403 84.598 ms - 41
[2025-06-06T12:08:06.248Z] "GET /api/reservations" 403 75.535 ms - 41
[2025-06-06T12:09:28.743Z] "GET /api/admin/dashboard" 403 82.017 ms - 41
[2025-06-06T12:09:28.751Z] "GET /api/reservations" 403 102.056 ms - 41
[2025-06-06T12:13:07.205Z] "GET /api/reservations" 403 80.801 ms - 41
[2025-06-06T12:13:07.261Z] "GET /api/admin/dashboard" 403 104.443 ms - 41
[2025-06-06T12:13:38.326Z] "GET /api/reservations" 403 91.045 ms - 41
[2025-06-06T12:13:38.329Z] "GET /api/admin/dashboard" 403 87.966 ms - 41
[2025-06-06T12:14:42.126Z] "GET /api/admin/dashboard" 403 73.380 ms - 41
[2025-06-06T12:14:42.129Z] "GET /api/reservations" 403 85.898 ms - 41
[2025-06-06T12:17:00.767Z] "PUT /api/admin/orders/undefined" 500 185.349 ms - 59
Starting graceful shutdown...
[2025-06-06T12:18:07.347Z] "PUT /api/admin/orders/undefined" 500 327.988 ms - 59
[2025-06-06T12:33:52.418Z] "GET /api/admin/delivery-boys" 404 89.803 ms - 162
[2025-06-06T12:33:52.515Z] "GET /api/admin/delivery-boys" 404 78.379 ms - 162
[2025-06-06T12:33:52.591Z] "GET /api/admin/delivery-boys" 404 70.759 ms - 162
[2025-06-06T12:46:48.833Z] "PUT /api/admin/orders/6842dc0cc69546f71c16c327/assign" 404 291.658 ms - 52
[2025-06-06T12:47:56.290Z] "GET /api/admin/dashboard" 403 85.975 ms - 41
[2025-06-06T12:47:56.297Z] "GET /api/reservations" 403 100.546 ms - 41
[2025-06-06T12:49:38.803Z] "GET /api/reservations" 403 84.314 ms - 41
[2025-06-06T12:49:38.822Z] "GET /api/admin/dashboard" 403 78.742 ms - 41
[2025-06-06T12:53:28.265Z] "GET /api/reservations" 403 77.033 ms - 41
[2025-06-06T12:53:28.335Z] "GET /api/admin/dashboard" 403 85.502 ms - 41
[2025-06-06T12:53:58.574Z] "POST /api/auth/login" 401 91.645 ms - 49
[2025-06-06T12:54:22.186Z] "POST /api/auth/login" 401 141.475 ms - 49
[2025-06-06T12:54:43.263Z] "POST /api/auth/login" 401 84.830 ms - 49
[2025-06-06T13:02:44.242Z] "GET /api/reservations" 403 86.404 ms - 41
[2025-06-06T13:02:44.287Z] "GET /api/admin/dashboard" 403 92.367 ms - 41
[2025-06-06T13:03:32.210Z] "GET /api/admin/dashboard" 403 113.299 ms - 41
[2025-06-06T13:03:32.213Z] "GET /api/reservations" 403 126.767 ms - 41
[2025-06-06T13:03:34.187Z] "GET /api/admin/dashboard" 403 75.514 ms - 41
[2025-06-06T13:03:34.192Z] "GET /api/reservations" 403 87.821 ms - 41
[2025-06-06T13:03:56.589Z] "GET /api/reservations" 403 104.825 ms - 41
[2025-06-06T13:03:56.595Z] "GET /api/admin/dashboard" 403 77.099 ms - 41
[2025-06-06T13:04:02.994Z] "GET /api/reservations" 403 122.367 ms - 41
[2025-06-06T13:04:03.006Z] "GET /api/admin/dashboard" 403 124.165 ms - 41
[2025-06-06T13:09:42.224Z] "GET /api/reservations" 403 70.994 ms - 41
[2025-06-06T13:09:42.285Z] "GET /api/admin/dashboard" 403 72.180 ms - 41
Starting graceful shutdown...
[2025-06-06T13:46:22.985Z] "PUT /api/admin/orders/6842dc0cc69546f71c16c327/assign" 404 260.705 ms - 52
[2025-06-07T04:37:10.651Z] "GET /api/reservations" 401 3.796 ms - 43
[2025-06-07T04:37:10.662Z] "GET /api/admin/dashboard" 401 3.881 ms - 43
[2025-06-07T04:37:10.686Z] "GET /api/auth/validate" 401 1.425 ms - 43
Starting graceful shutdown...
[2025-06-07T04:45:26.646Z] "POST /api/auth/login" 401 143.727 ms - 49
Starting graceful shutdown...
[2025-06-07T05:01:10.613Z] "POST /api/auth/login" 401 983.170 ms - 49
[2025-06-07T06:06:18.632Z] "POST /api/auth/login" 401 820.819 ms - 49
[2025-06-07T06:08:40.098Z] "POST /api/auth/login" 401 216.444 ms - 49
[2025-06-07T06:09:10.059Z] "POST /api/auth/login" 401 227.000 ms - 49
[2025-06-07T06:09:23.940Z] "POST /api/auth/login" 401 242.674 ms - 49
Starting graceful shutdown...
[2025-06-07T06:10:07.981Z] "POST /api/auth/login" 401 331.802 ms - 49
[2025-06-07T06:11:20.757Z] "POST /api/auth/login" 401 166.239 ms - 49
Starting graceful shutdown...
[2025-06-07T06:11:47.953Z] "POST /api/auth/login" 401 312.530 ms - 49
[2025-06-07T06:23:12.589Z] "POST /api/auth/login" 401 284.052 ms - 49
[2025-06-07T06:23:33.316Z] "POST /api/auth/login" 401 382.824 ms - 49
[2025-06-07T06:54:38.818Z] "POST /api/auth/register" 400 135.801 ms - 33
[2025-06-07T06:59:24.695Z] "POST /api/auth/login" 401 312.048 ms - 49
[2025-06-07T07:08:06.517Z] "POST /api/auth/login" 401 145.265 ms - 49
[2025-06-07T07:08:45.025Z] "POST /api/auth/login" 401 146.129 ms - 49
[2025-06-07T09:41:22.646Z] "POST /api/auth/login" 401 1989.750 ms - 49
[2025-06-07T09:42:00.130Z] "POST /api/auth/login" 401 158.500 ms - 49
Starting graceful shutdown...
[2025-06-07T09:42:37.289Z] "POST /api/auth/login" 401 227.263 ms - 49
[2025-06-07T09:43:12.698Z] "GET /api/reservations" 403 44.410 ms - 41
[2025-06-07T09:43:12.706Z] "GET /api/admin/dashboard" 403 45.946 ms - 41
[2025-06-07T09:43:16.230Z] "GET /api/reservations" 403 41.281 ms - 41
[2025-06-07T09:43:16.236Z] "GET /api/admin/dashboard" 403 39.838 ms - 41
Starting graceful shutdown...
[2025-06-07T09:54:15.974Z] "GET /api/reservations" 403 45.378 ms - 41
[2025-06-07T09:54:15.983Z] "GET /api/admin/dashboard" 403 40.674 ms - 41
[2025-06-07T10:00:34.985Z] "GET /api/reservations" 403 41.002 ms - 41
[2025-06-07T10:00:34.996Z] "GET /api/admin/dashboard" 403 38.090 ms - 41
[2025-06-07T10:02:36.060Z] "GET /api/reservations" 403 38.571 ms - 41
[2025-06-07T10:02:36.071Z] "GET /api/admin/dashboard" 403 40.093 ms - 41
[2025-06-07T10:04:32.511Z] "GET /api/auth/twitter" 500 20.047 ms - 44
[2025-06-07T10:04:32.771Z] "GET /.well-known/appspecific/com.chrome.devtools.json" 404 5.919 ms - 187
[2025-06-07T10:04:33.076Z] "GET /favicon.ico" 404 0.777 ms - 150
[2025-06-07T10:04:40.595Z] "GET /favicon.ico" 404 0.648 ms - 150
[2025-06-07T10:04:46.677Z] "GET /api/auth/twitter" 500 16.968 ms - 44
Starting graceful shutdown...
[2025-06-07T10:06:21.381Z] "GET /api/reservations" 403 117.998 ms - 41
[2025-06-07T10:06:21.392Z] "GET /api/admin/dashboard" 403 94.876 ms - 41
[2025-06-07T10:07:05.618Z] "POST /api/auth/login" 401 147.662 ms - 49
[2025-06-07T10:35:19.559Z] "GET /api/delivery" 404 4.352 ms - 151
[2025-06-07T10:45:02.138Z] "GET /api/delivery" 404 0.600 ms - 151
[2025-06-07T10:45:39.073Z] "GET /api/delivery" 404 0.449 ms - 151
[2025-06-07T10:45:39.078Z] "GET /api/delivery" 404 0.537 ms - 151
[2025-06-07T10:45:39.093Z] "GET /api/delivery" 404 0.459 ms - 151
[2025-06-07T10:45:56.085Z] "GET /api/delivery" 404 0.555 ms - 151
[2025-06-07T10:45:58.105Z] "GET /api/delivery" 404 0.750 ms - 151
[2025-06-07T10:46:02.642Z] "GET /api/delivery" 404 0.501 ms - 151
[2025-06-07T10:46:02.658Z] "GET /api/delivery" 404 0.553 ms - 151
[2025-06-07T10:46:02.676Z] "GET /api/delivery" 404 0.750 ms - 151
[2025-06-07T10:46:03.678Z] "GET /api/delivery" 404 0.404 ms - 151
[2025-06-07T10:46:04.156Z] "GET /api/delivery" 404 0.788 ms - 151
[2025-06-07T10:46:27.687Z] "GET /api/delivery" 404 0.453 ms - 151
[2025-06-07T10:46:32.100Z] "GET /api/delivery" 404 0.486 ms - 151
[2025-06-07T10:47:32.887Z] "GET /api/delivery" 404 0.408 ms - 151
[2025-06-07T10:47:32.903Z] "GET /api/delivery" 404 0.468 ms - 151
[2025-06-07T10:47:32.908Z] "GET /api/delivery" 404 1.182 ms - 151
[2025-06-07T10:47:48.185Z] "GET /api/delivery" 404 0.677 ms - 151
[2025-06-07T10:47:50.217Z] "GET /api/delivery" 404 0.542 ms - 151
[2025-06-07T10:47:54.241Z] "GET /api/delivery" 404 0.248 ms - 151
[2025-06-07T10:47:56.682Z] "GET /api/delivery" 404 0.453 ms - 151
[2025-06-07T10:47:56.766Z] "GET /api/delivery" 404 0.472 ms - 151
[2025-06-07T10:47:56.874Z] "GET /api/delivery" 404 0.498 ms - 151
[2025-06-07T10:47:57.773Z] "GET /api/delivery" 404 0.501 ms - 151
[2025-06-07T10:47:59.813Z] "GET /api/delivery" 404 1.645 ms - 151
[2025-06-07T10:48:03.829Z] "GET /api/delivery" 404 0.906 ms - 151
[2025-06-07T10:48:07.888Z] "GET /api/delivery" 404 0.498 ms - 151
[2025-06-07T10:48:08.911Z] "GET /api/delivery" 404 0.281 ms - 151
[2025-06-07T10:48:10.932Z] "GET /api/delivery" 404 1.023 ms - 151
Starting graceful shutdown...
[2025-06-07T10:48:44.572Z] "GET /api/delivery" 404 2.818 ms - 151
[2025-06-07T10:48:44.594Z] "GET /api/delivery" 404 0.558 ms - 151
[2025-06-07T10:48:44.603Z] "GET /api/delivery" 404 0.616 ms - 151
[2025-06-07T10:48:45.652Z] "GET /api/delivery" 404 2.573 ms - 151
[2025-06-07T10:48:47.695Z] "GET /api/delivery" 404 1.365 ms - 151
[2025-06-07T10:48:51.760Z] "GET /api/delivery" 404 1.635 ms - 151
[2025-06-07T10:49:53.337Z] "GET /api/delivery" 404 0.496 ms - 151
[2025-06-07T10:49:53.341Z] "GET /api/delivery" 404 0.563 ms - 151
[2025-06-07T10:49:53.347Z] "GET /api/delivery" 404 1.042 ms - 151
[2025-06-07T10:49:54.399Z] "GET /api/delivery" 404 0.442 ms - 151
[2025-06-07T10:49:56.424Z] "GET /api/delivery" 404 0.772 ms - 151
[2025-06-07T10:50:00.448Z] "GET /api/delivery" 404 0.721 ms - 151
Starting graceful shutdown...
[2025-06-07T10:50:26.254Z] "GET /api/delivery" 404 1.889 ms - 151
[2025-06-07T10:50:30.867Z] "GET /api/delivery" 404 0.887 ms - 151
[2025-06-07T10:50:43.654Z] "GET /api/delivery" 404 0.745 ms - 151
[2025-06-07T10:50:44.668Z] "GET /api/delivery" 404 0.499 ms - 151
[2025-06-07T10:50:46.699Z] "GET /api/delivery" 404 5.286 ms - 151
[2025-06-07T10:50:50.737Z] "GET /api/delivery" 404 0.987 ms - 151
[2025-06-07T10:51:36.165Z] "GET /api/delivery" 404 0.472 ms - 151
[2025-06-07T10:51:36.169Z] "GET /api/delivery" 404 0.365 ms - 151
[2025-06-07T10:51:36.172Z] "GET /api/delivery" 404 0.478 ms - 151
[2025-06-07T10:51:40.427Z] "GET /api/delivery" 404 0.534 ms - 151
[2025-06-07T10:51:42.455Z] "GET /api/delivery" 404 0.247 ms - 151
[2025-06-07T10:51:46.473Z] "GET /api/delivery" 404 1.104 ms - 151
[2025-06-07T10:51:47.516Z] "GET /api/delivery" 404 0.362 ms - 151
[2025-06-07T10:51:47.522Z] "GET /api/delivery" 404 0.832 ms - 151
[2025-06-07T10:51:47.529Z] "GET /api/delivery" 404 0.577 ms - 151
[2025-06-07T10:51:48.591Z] "GET /api/delivery" 404 0.241 ms - 151
[2025-06-07T10:51:50.610Z] "GET /api/delivery" 404 0.840 ms - 151
[2025-06-07T10:52:14.155Z] "GET /api/delivery" 404 8.491 ms - 151
[2025-06-07T10:54:31.976Z] "GET /api/delivery" 404 0.665 ms - 151
[2025-06-07T10:54:31.980Z] "GET /api/delivery" 404 0.650 ms - 151
[2025-06-07T10:54:31.983Z] "GET /api/delivery" 404 0.740 ms - 151
[2025-06-07T10:55:01.027Z] "GET /api/delivery" 404 4.217 ms - 151
[2025-06-07T10:55:02.692Z] "GET /api/delivery" 404 1.240 ms - 151
[2025-06-07T10:55:02.696Z] "GET /api/delivery" 404 0.573 ms - 151
[2025-06-07T10:55:02.699Z] "GET /api/delivery" 404 0.732 ms - 151
[2025-06-07T10:55:03.761Z] "GET /api/delivery" 404 1.055 ms - 151
[2025-06-07T10:55:05.782Z] "GET /api/delivery" 404 0.496 ms - 151
[2025-06-07T10:55:09.828Z] "GET /api/delivery" 404 1.828 ms - 151
Starting graceful shutdown...
[2025-06-07T10:57:24.210Z] "GET /api/delivery" 404 2.705 ms - 151
[2025-06-07T10:57:24.224Z] "GET /api/delivery" 404 0.775 ms - 151
[2025-06-07T10:57:24.243Z] "GET /api/delivery" 404 1.171 ms - 151
[2025-06-07T10:57:25.304Z] "GET /api/delivery" 404 1.044 ms - 151
[2025-06-07T10:57:27.337Z] "GET /api/delivery" 404 3.025 ms - 151
[2025-06-07T10:58:21.344Z] "GET /api/delivery" 404 0.594 ms - 151
[2025-06-07T15:54:26.176Z] "GET /api/delivery" 404 0.781 ms - 151
[2025-06-07T15:54:26.194Z] "GET /api/delivery" 404 0.611 ms - 151
[2025-06-07T15:54:26.202Z] "GET /api/delivery" 404 0.862 ms - 151
[2025-06-07T15:54:27.296Z] "GET /api/delivery" 404 0.899 ms - 151
[2025-06-07T15:54:29.344Z] "GET /api/delivery" 404 0.685 ms - 151
[2025-06-07T15:54:29.875Z] "GET /api/orders" 401 3736.072 ms - 43
[2025-06-07T15:54:48.453Z] "GET /api/delivery" 404 0.779 ms - 151
[2025-06-07T15:55:38.927Z] "GET /api/api/delivery" 404 0.697 ms - 155
[2025-06-07T15:55:38.991Z] "GET /api/api/delivery" 404 0.715 ms - 155
[2025-06-07T15:55:39.048Z] "GET /api/api/delivery" 404 2.101 ms - 155
[2025-06-07T15:55:39.931Z] "GET /api/api/delivery" 404 0.416 ms - 155
[2025-06-07T15:55:40.043Z] "GET /api/api/delivery" 404 0.673 ms - 155
[2025-06-07T15:55:42.078Z] "GET /api/api/delivery" 404 1.336 ms - 155
[2025-06-07T15:55:46.109Z] "GET /api/api/delivery" 404 0.485 ms - 155
[2025-06-07T15:55:57.429Z] "GET /api/api/delivery" 404 0.764 ms - 155
[2025-06-07T15:55:57.441Z] "GET /api/api/delivery" 404 1.333 ms - 155
[2025-06-07T15:55:57.445Z] "GET /api/api/delivery" 404 0.677 ms - 155
[2025-06-07T15:55:58.529Z] "GET /api/api/delivery" 404 1.278 ms - 155
[2025-06-07T15:56:00.561Z] "GET /api/api/delivery" 404 0.439 ms - 155
[2025-06-07T15:56:04.605Z] "GET /api/api/delivery" 404 0.464 ms - 155
Starting graceful shutdown...
[2025-06-07T15:56:59.037Z] "GET /api/api/delivery" 404 5.163 ms - 155
[2025-06-07T15:57:00.057Z] "GET /api/api/delivery" 404 1.359 ms - 155
[2025-06-07T15:57:02.087Z] "GET /api/api/delivery" 404 3.231 ms - 155
[2025-06-07T15:57:06.130Z] "GET /api/api/delivery" 404 2.035 ms - 155
[2025-06-07T15:57:36.582Z] "GET /api/api/delivery" 404 1.539 ms - 155
[2025-06-07T15:58:03.536Z] "GET /api/delivery" 404 0.583 ms - 151
[2025-06-07T15:58:03.548Z] "GET /api/delivery" 404 0.668 ms - 151
[2025-06-07T15:58:03.554Z] "GET /api/delivery" 404 0.571 ms - 151
[2025-06-07T15:58:03.718Z] "GET /api/delivery" 404 0.767 ms - 151
[2025-06-07T15:58:17.485Z] "GET /api/delivery" 404 0.839 ms - 151
[2025-06-07T15:58:20.656Z] "GET /api/delivery" 404 0.788 ms - 151
[2025-06-07T15:58:20.663Z] "GET /api/delivery" 404 0.750 ms - 151
[2025-06-07T15:58:20.671Z] "GET /api/delivery" 404 0.712 ms - 151
[2025-06-07T15:58:21.777Z] "GET /api/delivery" 404 0.546 ms - 151
[2025-06-07T15:58:23.798Z] "GET /api/delivery" 404 1.162 ms - 151
[2025-06-07T15:58:27.817Z] "GET /api/delivery" 404 0.841 ms - 151
[2025-06-07T15:58:40.057Z] "GET /api/delivery" 404 0.671 ms - 151
[2025-06-07T15:58:40.062Z] "GET /api/delivery" 404 0.774 ms - 151
[2025-06-07T15:58:40.070Z] "GET /api/delivery" 404 0.647 ms - 151
[2025-06-07T15:58:41.140Z] "GET /api/delivery" 404 0.487 ms - 151
[2025-06-07T15:58:43.187Z] "GET /api/delivery" 404 2.485 ms - 151
[2025-06-07T15:58:47.242Z] "GET /api/delivery" 404 1.113 ms - 151
[2025-06-07T16:00:03.374Z] "PUT /api/admin/orders/6842dc0cc69546f71c16c327/assign" 404 666.977 ms - 52
[2025-06-07T16:01:52.559Z] "PUT /api/admin/orders/6842dc0cc69546f71c16c327/assign" 404 155.970 ms - 52
[2025-06-07T16:05:37.216Z] "PUT /api/admin/orders/6842dc0cc69546f71c16c327/assign" 500 302.644 ms - 59
